{"/Users/tommywilhoit/turing/MOD4/scrawl/App.js": {"path":"/Users/tommywilhoit/turing/MOD4/scrawl/App.js","statementMap":{"0":{"start":{"line":12,"column":4},"end":{"line":12,"column":12}},"1":{"start":{"line":13,"column":4},"end":{"line":68,"column":6}},"2":{"start":{"line":71,"column":23},"end":{"line":81,"column":3}},"3":{"start":{"line":72,"column":20},"end":{"line":72,"column":49}},"4":{"start":{"line":73,"column":4},"end":{"line":75,"column":7}},"5":{"start":{"line":76,"column":4},"end":{"line":76,"column":40}},"6":{"start":{"line":77,"column":22},"end":{"line":77,"column":57}},"7":{"start":{"line":78,"column":4},"end":{"line":80,"column":7}},"8":{"start":{"line":83,"column":21},"end":{"line":94,"column":3}},"9":{"start":{"line":84,"column":4},"end":{"line":93,"column":6}},"10":{"start":{"line":86,"column":8},"end":{"line":89,"column":11}},"11":{"start":{"line":91,"column":15},"end":{"line":91,"column":33}},"12":{"start":{"line":96,"column":12},"end":{"line":101,"column":3}},"13":{"start":{"line":97,"column":4},"end":{"line":100,"column":7}},"14":{"start":{"line":109,"column":8},"end":{"line":109,"column":18}},"15":{"start":{"line":110,"column":4},"end":{"line":354,"column":5}},"16":{"start":{"line":111,"column":6},"end":{"line":148,"column":8}},"17":{"start":{"line":149,"column":11},"end":{"line":354,"column":5}},"18":{"start":{"line":150,"column":6},"end":{"line":150,"column":50}},"19":{"start":{"line":151,"column":11},"end":{"line":354,"column":5}},"20":{"start":{"line":152,"column":6},"end":{"line":349,"column":8}},"21":{"start":{"line":194,"column":14},"end":{"line":204,"column":16}},"22":{"start":{"line":202,"column":38},"end":{"line":202,"column":61}},"23":{"start":{"line":221,"column":29},"end":{"line":221,"column":44}},"24":{"start":{"line":244,"column":29},"end":{"line":244,"column":44}},"25":{"start":{"line":266,"column":29},"end":{"line":266,"column":44}},"26":{"start":{"line":288,"column":29},"end":{"line":288,"column":44}},"27":{"start":{"line":310,"column":29},"end":{"line":310,"column":44}},"28":{"start":{"line":332,"column":29},"end":{"line":332,"column":55}},"29":{"start":{"line":350,"column":11},"end":{"line":354,"column":5}},"30":{"start":{"line":351,"column":6},"end":{"line":353,"column":8}}},"fnMap":{"0":{"name":"(anonymous_0)","decl":{"start":{"line":11,"column":2},"end":{"line":11,"column":3}},"loc":{"start":{"line":11,"column":16},"end":{"line":69,"column":3}},"line":11},"1":{"name":"(anonymous_1)","decl":{"start":{"line":71,"column":23},"end":{"line":71,"column":24}},"loc":{"start":{"line":71,"column":35},"end":{"line":81,"column":3}},"line":71},"2":{"name":"(anonymous_2)","decl":{"start":{"line":83,"column":21},"end":{"line":83,"column":22}},"loc":{"start":{"line":83,"column":33},"end":{"line":94,"column":3}},"line":83},"3":{"name":"(anonymous_3)","decl":{"start":{"line":85,"column":6},"end":{"line":85,"column":7}},"loc":{"start":{"line":85,"column":18},"end":{"line":90,"column":7}},"line":85},"4":{"name":"(anonymous_4)","decl":{"start":{"line":91,"column":6},"end":{"line":91,"column":7}},"loc":{"start":{"line":91,"column":15},"end":{"line":91,"column":33}},"line":91},"5":{"name":"(anonymous_5)","decl":{"start":{"line":96,"column":12},"end":{"line":96,"column":13}},"loc":{"start":{"line":96,"column":19},"end":{"line":101,"column":3}},"line":96},"6":{"name":"(anonymous_6)","decl":{"start":{"line":103,"column":2},"end":{"line":103,"column":3}},"loc":{"start":{"line":103,"column":11},"end":{"line":355,"column":3}},"line":103},"7":{"name":"(anonymous_7)","decl":{"start":{"line":193,"column":36},"end":{"line":193,"column":37}},"loc":{"start":{"line":194,"column":14},"end":{"line":204,"column":16}},"line":194},"8":{"name":"(anonymous_8)","decl":{"start":{"line":202,"column":32},"end":{"line":202,"column":33}},"loc":{"start":{"line":202,"column":38},"end":{"line":202,"column":61}},"line":202},"9":{"name":"(anonymous_9)","decl":{"start":{"line":221,"column":23},"end":{"line":221,"column":24}},"loc":{"start":{"line":221,"column":29},"end":{"line":221,"column":44}},"line":221},"10":{"name":"(anonymous_10)","decl":{"start":{"line":244,"column":23},"end":{"line":244,"column":24}},"loc":{"start":{"line":244,"column":29},"end":{"line":244,"column":44}},"line":244},"11":{"name":"(anonymous_11)","decl":{"start":{"line":266,"column":23},"end":{"line":266,"column":24}},"loc":{"start":{"line":266,"column":29},"end":{"line":266,"column":44}},"line":266},"12":{"name":"(anonymous_12)","decl":{"start":{"line":288,"column":23},"end":{"line":288,"column":24}},"loc":{"start":{"line":288,"column":29},"end":{"line":288,"column":44}},"line":288},"13":{"name":"(anonymous_13)","decl":{"start":{"line":310,"column":23},"end":{"line":310,"column":24}},"loc":{"start":{"line":310,"column":29},"end":{"line":310,"column":44}},"line":310},"14":{"name":"(anonymous_14)","decl":{"start":{"line":332,"column":23},"end":{"line":332,"column":24}},"loc":{"start":{"line":332,"column":29},"end":{"line":332,"column":55}},"line":332}},"branchMap":{"0":{"loc":{"start":{"line":110,"column":4},"end":{"line":354,"column":5}},"type":"if","locations":[{"start":{"line":110,"column":4},"end":{"line":354,"column":5}},{"start":{"line":110,"column":4},"end":{"line":354,"column":5}}],"line":110},"1":{"loc":{"start":{"line":110,"column":8},"end":{"line":110,"column":59}},"type":"binary-expr","locations":[{"start":{"line":110,"column":8},"end":{"line":110,"column":31}},{"start":{"line":110,"column":35},"end":{"line":110,"column":59}}],"line":110},"2":{"loc":{"start":{"line":122,"column":11},"end":{"line":146,"column":18}},"type":"cond-expr","locations":[{"start":{"line":123,"column":12},"end":{"line":145,"column":19}},{"start":{"line":146,"column":14},"end":{"line":146,"column":18}}],"line":122},"3":{"loc":{"start":{"line":149,"column":11},"end":{"line":354,"column":5}},"type":"if","locations":[{"start":{"line":149,"column":11},"end":{"line":354,"column":5}},{"start":{"line":149,"column":11},"end":{"line":354,"column":5}}],"line":149},"4":{"loc":{"start":{"line":151,"column":11},"end":{"line":354,"column":5}},"type":"if","locations":[{"start":{"line":151,"column":11},"end":{"line":354,"column":5}},{"start":{"line":151,"column":11},"end":{"line":354,"column":5}}],"line":151},"5":{"loc":{"start":{"line":151,"column":15},"end":{"line":151,"column":67}},"type":"binary-expr","locations":[{"start":{"line":151,"column":15},"end":{"line":151,"column":39}},{"start":{"line":151,"column":43},"end":{"line":151,"column":67}}],"line":151},"6":{"loc":{"start":{"line":166,"column":13},"end":{"line":177,"column":20}},"type":"cond-expr","locations":[{"start":{"line":167,"column":14},"end":{"line":176,"column":21}},{"start":{"line":177,"column":16},"end":{"line":177,"column":20}}],"line":166},"7":{"loc":{"start":{"line":334,"column":15},"end":{"line":345,"column":22}},"type":"cond-expr","locations":[{"start":{"line":335,"column":16},"end":{"line":344,"column":23}},{"start":{"line":345,"column":18},"end":{"line":345,"column":22}}],"line":334},"8":{"loc":{"start":{"line":350,"column":11},"end":{"line":354,"column":5}},"type":"if","locations":[{"start":{"line":350,"column":11},"end":{"line":354,"column":5}},{"start":{"line":350,"column":11},"end":{"line":354,"column":5}}],"line":350},"9":{"loc":{"start":{"line":350,"column":15},"end":{"line":350,"column":67}},"type":"binary-expr","locations":[{"start":{"line":350,"column":15},"end":{"line":350,"column":39}},{"start":{"line":350,"column":43},"end":{"line":350,"column":67}}],"line":350}},"s":{"0":2,"1":2,"2":2,"3":2,"4":1,"5":0,"6":0,"7":0,"8":2,"9":2,"10":0,"11":0,"12":2,"13":0,"14":3,"15":3,"16":3,"17":0,"18":0,"19":0,"20":0,"21":0,"22":0,"23":0,"24":0,"25":0,"26":0,"27":0,"28":0,"29":0,"30":0},"f":{"0":2,"1":2,"2":2,"3":0,"4":0,"5":0,"6":3,"7":0,"8":0,"9":0,"10":0,"11":0,"12":0,"13":0,"14":0},"b":{"0":[3,0],"1":[3,3],"2":[0,3],"3":[0,0],"4":[0,0],"5":[0,0],"6":[0,0],"7":[0,0],"8":[0,0],"9":[0,0]},"_coverageSchema":"43e27e138ebf9cfc5966b082cf9a028302ed4184","hash":"44ac2fee1a36654a1196147df870eb68446e00b3"}
,"/Users/tommywilhoit/turing/MOD4/scrawl/CreateWall.js": {"path":"/Users/tommywilhoit/turing/MOD4/scrawl/CreateWall.js","statementMap":{"0":{"start":{"line":7,"column":4},"end":{"line":7,"column":17}},"1":{"start":{"line":8,"column":4},"end":{"line":11,"column":6}},"2":{"start":{"line":14,"column":13},"end":{"line":19,"column":3}},"3":{"start":{"line":15,"column":23},"end":{"line":15,"column":38}},"4":{"start":{"line":16,"column":4},"end":{"line":18,"column":7}},"5":{"start":{"line":21,"column":20},"end":{"line":42,"column":3}},"6":{"start":{"line":22,"column":4},"end":{"line":41,"column":5}},"7":{"start":{"line":23,"column":30},"end":{"line":25,"column":8}},"8":{"start":{"line":24,"column":8},"end":{"line":24,"column":50}},"9":{"start":{"line":26,"column":6},"end":{"line":26,"column":29}},"10":{"start":{"line":27,"column":11},"end":{"line":41,"column":5}},"11":{"start":{"line":28,"column":6},"end":{"line":40,"column":8}},"12":{"start":{"line":45,"column":4},"end":{"line":113,"column":6}},"13":{"start":{"line":55,"column":29},"end":{"line":55,"column":55}},"14":{"start":{"line":68,"column":33},"end":{"line":68,"column":57}},"15":{"start":{"line":88,"column":32},"end":{"line":88,"column":55}},"16":{"start":{"line":98,"column":25},"end":{"line":98,"column":46}}},"fnMap":{"0":{"name":"(anonymous_0)","decl":{"start":{"line":6,"column":2},"end":{"line":6,"column":3}},"loc":{"start":{"line":6,"column":21},"end":{"line":12,"column":3}},"line":6},"1":{"name":"(anonymous_1)","decl":{"start":{"line":14,"column":13},"end":{"line":14,"column":14}},"loc":{"start":{"line":14,"column":19},"end":{"line":19,"column":3}},"line":14},"2":{"name":"(anonymous_2)","decl":{"start":{"line":21,"column":20},"end":{"line":21,"column":21}},"loc":{"start":{"line":21,"column":26},"end":{"line":42,"column":3}},"line":21},"3":{"name":"(anonymous_3)","decl":{"start":{"line":23,"column":54},"end":{"line":23,"column":55}},"loc":{"start":{"line":23,"column":74},"end":{"line":25,"column":7}},"line":23},"4":{"name":"(anonymous_4)","decl":{"start":{"line":44,"column":2},"end":{"line":44,"column":3}},"loc":{"start":{"line":44,"column":11},"end":{"line":114,"column":3}},"line":44},"5":{"name":"(anonymous_5)","decl":{"start":{"line":55,"column":23},"end":{"line":55,"column":24}},"loc":{"start":{"line":55,"column":29},"end":{"line":55,"column":55}},"line":55},"6":{"name":"(anonymous_6)","decl":{"start":{"line":68,"column":24},"end":{"line":68,"column":25}},"loc":{"start":{"line":68,"column":33},"end":{"line":68,"column":57}},"line":68},"7":{"name":"(anonymous_7)","decl":{"start":{"line":88,"column":24},"end":{"line":88,"column":25}},"loc":{"start":{"line":88,"column":32},"end":{"line":88,"column":55}},"line":88},"8":{"name":"(anonymous_8)","decl":{"start":{"line":98,"column":19},"end":{"line":98,"column":20}},"loc":{"start":{"line":98,"column":25},"end":{"line":98,"column":46}},"line":98}},"branchMap":{"0":{"loc":{"start":{"line":22,"column":4},"end":{"line":41,"column":5}},"type":"if","locations":[{"start":{"line":22,"column":4},"end":{"line":41,"column":5}},{"start":{"line":22,"column":4},"end":{"line":41,"column":5}}],"line":22},"1":{"loc":{"start":{"line":27,"column":11},"end":{"line":41,"column":5}},"type":"if","locations":[{"start":{"line":27,"column":11},"end":{"line":41,"column":5}},{"start":{"line":27,"column":11},"end":{"line":41,"column":5}}],"line":27}},"s":{"0":2,"1":2,"2":2,"3":0,"4":0,"5":2,"6":2,"7":0,"8":0,"9":0,"10":2,"11":2,"12":2,"13":0,"14":0,"15":0,"16":0},"f":{"0":2,"1":0,"2":2,"3":0,"4":2,"5":0,"6":0,"7":0,"8":0},"b":{"0":[0,2],"1":[2,0]},"_coverageSchema":"43e27e138ebf9cfc5966b082cf9a028302ed4184","hash":"b9827335c8ae1cd655f793cf4048e74da6d4028c"}
,"/Users/tommywilhoit/turing/MOD4/scrawl/Wall.js": {"path":"/Users/tommywilhoit/turing/MOD4/scrawl/Wall.js","statementMap":{"0":{"start":{"line":7,"column":4},"end":{"line":7,"column":17}},"1":{"start":{"line":8,"column":4},"end":{"line":11,"column":6}},"2":{"start":{"line":14,"column":13},"end":{"line":19,"column":3}},"3":{"start":{"line":15,"column":23},"end":{"line":15,"column":38}},"4":{"start":{"line":16,"column":4},"end":{"line":18,"column":7}},"5":{"start":{"line":21,"column":20},"end":{"line":42,"column":3}},"6":{"start":{"line":22,"column":4},"end":{"line":41,"column":5}},"7":{"start":{"line":23,"column":30},"end":{"line":25,"column":8}},"8":{"start":{"line":24,"column":8},"end":{"line":24,"column":50}},"9":{"start":{"line":26,"column":6},"end":{"line":26,"column":29}},"10":{"start":{"line":27,"column":11},"end":{"line":41,"column":5}},"11":{"start":{"line":28,"column":6},"end":{"line":40,"column":8}},"12":{"start":{"line":45,"column":4},"end":{"line":114,"column":6}},"13":{"start":{"line":55,"column":29},"end":{"line":55,"column":55}},"14":{"start":{"line":89,"column":32},"end":{"line":89,"column":55}},"15":{"start":{"line":99,"column":25},"end":{"line":99,"column":46}}},"fnMap":{"0":{"name":"(anonymous_0)","decl":{"start":{"line":6,"column":2},"end":{"line":6,"column":3}},"loc":{"start":{"line":6,"column":21},"end":{"line":12,"column":3}},"line":6},"1":{"name":"(anonymous_1)","decl":{"start":{"line":14,"column":13},"end":{"line":14,"column":14}},"loc":{"start":{"line":14,"column":19},"end":{"line":19,"column":3}},"line":14},"2":{"name":"(anonymous_2)","decl":{"start":{"line":21,"column":20},"end":{"line":21,"column":21}},"loc":{"start":{"line":21,"column":26},"end":{"line":42,"column":3}},"line":21},"3":{"name":"(anonymous_3)","decl":{"start":{"line":23,"column":54},"end":{"line":23,"column":55}},"loc":{"start":{"line":23,"column":74},"end":{"line":25,"column":7}},"line":23},"4":{"name":"(anonymous_4)","decl":{"start":{"line":44,"column":2},"end":{"line":44,"column":3}},"loc":{"start":{"line":44,"column":11},"end":{"line":115,"column":3}},"line":44},"5":{"name":"(anonymous_5)","decl":{"start":{"line":55,"column":23},"end":{"line":55,"column":24}},"loc":{"start":{"line":55,"column":29},"end":{"line":55,"column":55}},"line":55},"6":{"name":"(anonymous_6)","decl":{"start":{"line":89,"column":24},"end":{"line":89,"column":25}},"loc":{"start":{"line":89,"column":32},"end":{"line":89,"column":55}},"line":89},"7":{"name":"(anonymous_7)","decl":{"start":{"line":99,"column":19},"end":{"line":99,"column":20}},"loc":{"start":{"line":99,"column":25},"end":{"line":99,"column":46}},"line":99}},"branchMap":{"0":{"loc":{"start":{"line":22,"column":4},"end":{"line":41,"column":5}},"type":"if","locations":[{"start":{"line":22,"column":4},"end":{"line":41,"column":5}},{"start":{"line":22,"column":4},"end":{"line":41,"column":5}}],"line":22},"1":{"loc":{"start":{"line":27,"column":11},"end":{"line":41,"column":5}},"type":"if","locations":[{"start":{"line":27,"column":11},"end":{"line":41,"column":5}},{"start":{"line":27,"column":11},"end":{"line":41,"column":5}}],"line":27}},"s":{"0":1,"1":1,"2":1,"3":0,"4":0,"5":1,"6":1,"7":1,"8":3,"9":1,"10":0,"11":0,"12":1,"13":0,"14":0,"15":0},"f":{"0":1,"1":0,"2":1,"3":3,"4":1,"5":0,"6":0,"7":0},"b":{"0":[1,0],"1":[0,0]},"_coverageSchema":"43e27e138ebf9cfc5966b082cf9a028302ed4184","hash":"92191e389c38eea07e24d2494241b993968a562d"}
,"/Users/tommywilhoit/turing/MOD4/scrawl/styles.js": {"path":"/Users/tommywilhoit/turing/MOD4/scrawl/styles.js","statementMap":{"0":{"start":{"line":1,"column":24},"end":{"line":233,"column":1}}},"fnMap":{},"branchMap":{},"s":{"0":2},"f":{},"b":{},"_coverageSchema":"43e27e138ebf9cfc5966b082cf9a028302ed4184","hash":"52a4e7f7603617b93b4257559e37f1dd53a5a666"}
,"/Users/tommywilhoit/turing/MOD4/scrawl/utils/fetchData.js": {"path":"/Users/tommywilhoit/turing/MOD4/scrawl/utils/fetchData.js","statementMap":{"0":{"start":{"line":1,"column":25},"end":{"line":5,"column":1}},"1":{"start":{"line":2,"column":2},"end":{"line":4,"column":35}},"2":{"start":{"line":3,"column":22},"end":{"line":3,"column":37}},"3":{"start":{"line":4,"column":20},"end":{"line":4,"column":33}}},"fnMap":{"0":{"name":"(anonymous_0)","decl":{"start":{"line":1,"column":25},"end":{"line":1,"column":26}},"loc":{"start":{"line":1,"column":32},"end":{"line":5,"column":1}},"line":1},"1":{"name":"(anonymous_1)","decl":{"start":{"line":3,"column":10},"end":{"line":3,"column":11}},"loc":{"start":{"line":3,"column":22},"end":{"line":3,"column":37}},"line":3},"2":{"name":"(anonymous_2)","decl":{"start":{"line":4,"column":11},"end":{"line":4,"column":12}},"loc":{"start":{"line":4,"column":20},"end":{"line":4,"column":33}},"line":4}},"branchMap":{},"s":{"0":1,"1":3,"2":3,"3":1},"f":{"0":3,"1":3,"2":1},"b":{},"_coverageSchema":"43e27e138ebf9cfc5966b082cf9a028302ed4184","hash":"fde96b206c9bb93499066de55f9534078872d919"}
}
