TN:
SF:/Users/tommywilhoit/turing/MOD4/scrawl/App.js
FN:11,(anonymous_0)
FN:71,(anonymous_1)
FN:83,(anonymous_2)
FN:85,(anonymous_3)
FN:91,(anonymous_4)
FN:96,(anonymous_5)
FN:103,(anonymous_6)
FN:193,(anonymous_7)
FN:202,(anonymous_8)
FN:221,(anonymous_9)
FN:244,(anonymous_10)
FN:266,(anonymous_11)
FN:288,(anonymous_12)
FN:310,(anonymous_13)
FN:332,(anonymous_14)
FNF:15
FNH:4
FNDA:2,(anonymous_0)
FNDA:2,(anonymous_1)
FNDA:2,(anonymous_2)
FNDA:0,(anonymous_3)
FNDA:0,(anonymous_4)
FNDA:0,(anonymous_5)
FNDA:3,(anonymous_6)
FNDA:0,(anonymous_7)
FNDA:0,(anonymous_8)
FNDA:0,(anonymous_9)
FNDA:0,(anonymous_10)
FNDA:0,(anonymous_11)
FNDA:0,(anonymous_12)
FNDA:0,(anonymous_13)
FNDA:0,(anonymous_14)
DA:12,2
DA:13,2
DA:71,2
DA:72,2
DA:73,1
DA:76,0
DA:77,0
DA:78,0
DA:83,2
DA:84,2
DA:86,0
DA:91,0
DA:96,2
DA:97,0
DA:109,3
DA:110,3
DA:111,3
DA:149,0
DA:150,0
DA:151,0
DA:152,0
DA:194,0
DA:202,0
DA:221,0
DA:244,0
DA:266,0
DA:288,0
DA:310,0
DA:332,0
DA:350,0
DA:351,0
LF:31
LH:11
BRDA:110,0,0,3
BRDA:110,0,1,0
BRDA:110,1,0,3
BRDA:110,1,1,3
BRDA:122,2,0,0
BRDA:122,2,1,3
BRDA:149,3,0,0
BRDA:149,3,1,0
BRDA:151,4,0,0
BRDA:151,4,1,0
BRDA:151,5,0,0
BRDA:151,5,1,0
BRDA:166,6,0,0
BRDA:166,6,1,0
BRDA:334,7,0,0
BRDA:334,7,1,0
BRDA:350,8,0,0
BRDA:350,8,1,0
BRDA:350,9,0,0
BRDA:350,9,1,0
BRF:20
BRH:4
end_of_record
TN:
SF:/Users/tommywilhoit/turing/MOD4/scrawl/CreateWall.js
FN:6,(anonymous_0)
FN:14,(anonymous_1)
FN:21,(anonymous_2)
FN:23,(anonymous_3)
FN:44,(anonymous_4)
FN:55,(anonymous_5)
FN:68,(anonymous_6)
FN:88,(anonymous_7)
FN:98,(anonymous_8)
FNF:9
FNH:3
FNDA:2,(anonymous_0)
FNDA:0,(anonymous_1)
FNDA:2,(anonymous_2)
FNDA:0,(anonymous_3)
FNDA:2,(anonymous_4)
FNDA:0,(anonymous_5)
FNDA:0,(anonymous_6)
FNDA:0,(anonymous_7)
FNDA:0,(anonymous_8)
DA:7,2
DA:8,2
DA:14,2
DA:15,0
DA:16,0
DA:21,2
DA:22,2
DA:23,0
DA:24,0
DA:26,0
DA:27,2
DA:28,2
DA:45,2
DA:55,0
DA:68,0
DA:88,0
DA:98,0
LF:17
LH:8
BRDA:22,0,0,0
BRDA:22,0,1,2
BRDA:27,1,0,2
BRDA:27,1,1,0
BRF:4
BRH:2
end_of_record
TN:
SF:/Users/tommywilhoit/turing/MOD4/scrawl/Wall.js
FN:6,(anonymous_0)
FN:14,(anonymous_1)
FN:21,(anonymous_2)
FN:23,(anonymous_3)
FN:44,(anonymous_4)
FN:55,(anonymous_5)
FN:89,(anonymous_6)
FN:99,(anonymous_7)
FNF:8
FNH:4
FNDA:1,(anonymous_0)
FNDA:0,(anonymous_1)
FNDA:1,(anonymous_2)
FNDA:3,(anonymous_3)
FNDA:1,(anonymous_4)
FNDA:0,(anonymous_5)
FNDA:0,(anonymous_6)
FNDA:0,(anonymous_7)
DA:7,1
DA:8,1
DA:14,1
DA:15,0
DA:16,0
DA:21,1
DA:22,1
DA:23,1
DA:24,3
DA:26,1
DA:27,0
DA:28,0
DA:45,1
DA:55,0
DA:89,0
DA:99,0
LF:16
LH:9
BRDA:22,0,0,1
BRDA:22,0,1,0
BRDA:27,1,0,0
BRDA:27,1,1,0
BRF:4
BRH:1
end_of_record
TN:
SF:/Users/tommywilhoit/turing/MOD4/scrawl/styles.js
FNF:0
FNH:0
DA:1,2
LF:1
LH:1
BRF:0
BRH:0
end_of_record
TN:
SF:/Users/tommywilhoit/turing/MOD4/scrawl/utils/fetchData.js
FN:1,(anonymous_0)
FN:3,(anonymous_1)
FN:4,(anonymous_2)
FNF:3
FNH:3
FNDA:3,(anonymous_0)
FNDA:3,(anonymous_1)
FNDA:1,(anonymous_2)
DA:1,1
DA:2,3
DA:3,3
DA:4,1
LF:4
LH:4
BRF:0
BRH:0
end_of_record
